#
# A fatal error has been detected by the Java Runtime Environment:
#
#  EXCEPTION_ACCESS_VIOLATION (0xc0000005) at pc=0x0000000063320aa2, pid=12748, tid=0x000000000000135c
#
# JRE version: Java(TM) SE Runtime Environment (8.0_271-b09) (build 1.8.0_271-b09)
# Java VM: Java HotSpot(TM) 64-Bit Server VM (25.271-b09 mixed mode windows-amd64 compressed oops)
# Problematic frame:
# V  [jvm.dll+0x110aa2]
#
# Failed to write core dump. Minidumps are not enabled by default on client versions of Windows
#
# If you would like to submit a bug report, please visit:
#   http://bugreport.java.com/bugreport/crash.jsp
#

---------------  T H R E A D  ---------------

Current thread (0x000002a7fff2d000):  VMThread [stack: 0x000000f877000000,0x000000f877100000] [id=4956]

siginfo: ExceptionCode=0xc0000005, reading address 0x000002a784f23288

Registers:
RAX=0x0000000000194120, RBX=0x0000000000000000, RCX=0x000002a784d8f158, RDX=0x000000000000ca09
RSP=0x000000f8770fecc8, RBP=0x000000f8770ff260, RSI=0x000000f8770ff3d0, RDI=0x000000f8770ff3d0
R8 =0x0000000000000000, R9 =0x000002a784d8ecb8, R10=0x000002a7ef05c610, R11=0x000002a784d8f08a
R12=0x0000000000000066, R13=0x000002a7ef0e8120, R14=0x00000000000000b6, R15=0x0000000063210000
RIP=0x0000000063320aa2, EFLAGS=0x0000000000010202

Top of Stack: (sp=0x000000f8770fecc8)
0x000000f8770fecc8:   0000000063326d80 00000000d67113c8
0x000000f8770fecd8:   0000000000000000 000000f8770ff3d0
0x000000f8770fece8:   00000000d670ef30 00000000d6709c70
0x000000f8770fecf8:   00000000d6709bf0 00000000637e9128
0x000000f8770fed08:   000002a7ef092d90 0000000000000014
0x000000f8770fed18:   000000000000000c 000000f8770fed40
0x000000f8770fed28:   0000000000000002 000000004600005c
0x000000f8770fed38:   00000000d67004d8 4fffffff4fffffff
0x000000f8770fed48:   00000000d66fee58 00000000d66fc850
0x000000f8770fed58:   00000000d66fc7d0 00000000d66fa828
0x000000f8770fed68:   00000000d66fa7a8 00000000d66fa018
0x000000f8770fed78:   00000000d66f9108 00000000d66f6f38
0x000000f8770fed88:   00000000d66f6ec0 00000000d66f6cb8
0x000000f8770fed98:   00000000d66f6c40 00000000d66f6230
0x000000f8770feda8:   00000000d66f61b8 00000000d66f2478
0x000000f8770fedb8:   00000000d66f2400 00000000d66f20a0 

Instructions: (pc=0x0000000063320aa2)
0x0000000063320a82:   10 0f b7 c8 41 0f bf 44 c9 52 0f b7 c8 41 0f b7
0x0000000063320a92:   44 c9 52 49 8b 44 c1 50 c3 48 63 c2 48 c1 e0 05
0x0000000063320aa2:   48 8b 44 08 10 0f b7 d0 eb 10 49 8b 41 08 48 63
0x0000000063320ab2:   ca 0f b6 44 08 04 3c 12 74 ca 48 63 c2 41 0f bf 


Register to memory mapping:

RAX=0x0000000000194120 is an unknown value
RBX=0x0000000000000000 is an unknown value
RCX=0x000002a784d8f158 is pointing into metadata
RDX=0x000000000000ca09 is an unknown value
RSP=0x000000f8770fecc8 is an unknown value
RBP=0x000000f8770ff260 is an unknown value
RSI=0x000000f8770ff3d0 is an unknown value
RDI=0x000000f8770ff3d0 is an unknown value
R8 =0x0000000000000000 is an unknown value
R9 =0x000002a784d8ecb8 is pointing into metadata
R10=0x000002a7ef05c610 is an unknown value
R11=0x000002a784d8f08a is pointing into metadata
R12=0x0000000000000066 is an unknown value
R13=0x000002a7ef0e8120 is an unknown value
R14=0x00000000000000b6 is an unknown value
R15=0x0000000063210000 is an unknown value


Stack: [0x000000f877000000,0x000000f877100000],  sp=0x000000f8770fecc8,  free space=1019k
Native frames: (J=compiled Java code, j=interpreted, Vv=VM code, C=native code)
V  [jvm.dll+0x110aa2]

VM_Operation (0x000000f8775ff2c0): GetOrSetLocal, mode: safepoint, requested by thread 0x000002a785dd3000


---------------  P R O C E S S  ---------------

Java Threads: ( => current thread )
  0x000002a787540800 JavaThread "Service Thread" daemon [_thread_blocked, id=17732, stack(0x000000f877c00000,0x000000f877d00000)]
  0x000002a7874b5800 JavaThread "C1 CompilerThread3" daemon [_thread_blocked, id=16984, stack(0x000000f877b00000,0x000000f877c00000)]
  0x000002a7874aa800 JavaThread "C2 CompilerThread2" daemon [_thread_blocked, id=11532, stack(0x000000f877a00000,0x000000f877b00000)]
  0x000002a7874aa000 JavaThread "C2 CompilerThread1" daemon [_thread_blocked, id=2336, stack(0x000000f877900000,0x000000f877a00000)]
  0x000002a7874a7000 JavaThread "C2 CompilerThread0" daemon [_thread_blocked, id=10452, stack(0x000000f877800000,0x000000f877900000)]
  0x000002a785dd9800 JavaThread "JDWP Command Reader" daemon [_thread_in_native, id=8540, stack(0x000000f877700000,0x000000f877800000)]
  0x000002a785dd4000 JavaThread "JDWP Event Helper Thread" daemon [_thread_blocked, id=17836, stack(0x000000f877600000,0x000000f877700000)]
  0x000002a785dd3000 JavaThread "JDWP Transport Listener: dt_socket" daemon [_thread_blocked, id=18360, stack(0x000000f877500000,0x000000f877600000)]
  0x000002a785d5f800 JavaThread "Attach Listener" daemon [_thread_blocked, id=13092, stack(0x000000f877400000,0x000000f877500000)]
  0x000002a785d5e800 JavaThread "Signal Dispatcher" daemon [_thread_blocked, id=9880, stack(0x000000f877300000,0x000000f877400000)]
  0x000002a785d2f000 JavaThread "Finalizer" daemon [_thread_blocked, id=1680, stack(0x000000f877200000,0x000000f877300000)]
  0x000002a785d06800 JavaThread "Reference Handler" daemon [_thread_blocked, id=17536, stack(0x000000f877100000,0x000000f877200000)]
  0x000002a7ef03a000 JavaThread "main" [_thread_blocked, id=9248, stack(0x000000f876700000,0x000000f876800000)]

Other Threads:
=>0x000002a7fff2d000 VMThread [stack: 0x000000f877000000,0x000000f877100000] [id=4956]
  0x000002a787592000 WatcherThread [stack: 0x000000f877d00000,0x000000f877e00000] [id=18696]

VM state:at safepoint (normal execution)

VM Mutex/Monitor currently owned by a thread:  ([mutex/lock_event])
[0x000002a7ef037690] Threads_lock - owner thread: 0x000002a7fff2d000

heap address: 0x0000000082800000, size: 2008 MB, Compressed Oops mode: 32-bit
Narrow klass base: 0x0000000000000000, Narrow klass shift: 3
Compressed class space size: 1073741824 Address: 0x0000000100000000

Heap:
 PSYoungGen      total 37888K, used 6620K [0x00000000d6300000, 0x00000000d8d00000, 0x0000000100000000)
  eden space 32768K, 20% used [0x00000000d6300000,0x00000000d6977398,0x00000000d8300000)
  from space 5120K, 0% used [0x00000000d8800000,0x00000000d8800000,0x00000000d8d00000)
  to   space 5120K, 0% used [0x00000000d8300000,0x00000000d8300000,0x00000000d8800000)
 ParOldGen       total 86016K, used 0K [0x0000000082800000, 0x0000000087c00000, 0x00000000d6300000)
  object space 86016K, 0% used [0x0000000082800000,0x0000000082800000,0x0000000087c00000)
 Metaspace       used 4969K, capacity 5074K, committed 5248K, reserved 1056768K
  class space    used 534K, capacity 561K, committed 640K, reserved 1048576K

Card table byte_map: [0x000002a780000000,0x000002a7803f0000] byte_map_base: 0x000002a77fbec000

Marking Bits: (ParMarkBitMap*) 0x0000000063a07fe0
 Begin Bits: [0x000002a780690000, 0x000002a7825f0000)
 End Bits:   [0x000002a7825f0000, 0x000002a784550000)

Polling page: 0x000002a7ef250000

CodeCache: size=245760Kb used=1360Kb max_used=1369Kb free=244400Kb
 bounds [0x000002a7f0a70000, 0x000002a7f0ce0000, 0x000002a7ffa70000]
 total_blobs=415 nmethods=124 adapters=212
 compilation: enabled

Compilation events (10 events):
Event: 573.792 Thread 0x000002a7874b5800  120       3       org.eclipse.jdt.launching.internal.org.objectweb.asm.ClassReader::readUTF8 (23 bytes)
Event: 573.792 Thread 0x000002a7874b5800 nmethod 120 0x000002a7f0bc3010 code [0x000002a7f0bc3180, 0x000002a7f0bc34f0]
Event: 622.188 Thread 0x000002a7874b5800  121       3       org.eclipse.jdt.launching.internal.org.objectweb.asm.SymbolTable::addConstantUtf8 (20 bytes)
Event: 622.189 Thread 0x000002a7874b5800 nmethod 121 0x000002a7f0bc3690 code [0x000002a7f0bc3820, 0x000002a7f0bc3c50]
Event: 722.794 Thread 0x000002a7874aa000  122       4       org.eclipse.jdt.launching.internal.org.objectweb.asm.ClassReader::readUnsignedShort (26 bytes)
Event: 722.796 Thread 0x000002a7874b5800  123       1       java.security.ProtectionDomain::getCodeSource (5 bytes)
Event: 722.797 Thread 0x000002a7874b5800 nmethod 123 0x000002a7f0bbe550 code [0x000002a7f0bbe6a0, 0x000002a7f0bbe7b8]
Event: 722.800 Thread 0x000002a7874b5800  124       3       org.eclipse.jdt.launching.internal.org.objectweb.asm.ByteVector::putShort (52 bytes)
Event: 722.800 Thread 0x000002a7874aa000 nmethod 122 0x000002a7f0bc6b90 code [0x000002a7f0bc6ce0, 0x000002a7f0bc6dd8]
Event: 722.801 Thread 0x000002a7874b5800 nmethod 124 0x000002a7f0bc6650 code [0x000002a7f0bc67c0, 0x000002a7f0bc6a30]

GC Heap History (0 events):
No events

Deoptimization events (0 events):
No events

Classes redefined (10 events):
Event: 486.214 Thread 0x000002a7fff2d000 redefined class name=test.Main, count=2
Event: 486.215 Thread 0x000002a7fff2d000 redefined class name=test.Dog, count=2
Event: 573.790 Thread 0x000002a7fff2d000 redefined class name=test.Main, count=3
Event: 573.791 Thread 0x000002a7fff2d000 redefined class name=test.Dog, count=3
Event: 622.191 Thread 0x000002a7fff2d000 redefined class name=test.Main, count=4
Event: 622.192 Thread 0x000002a7fff2d000 redefined class name=test.Dog, count=4
Event: 722.798 Thread 0x000002a7fff2d000 redefined class name=test.Main, count=5
Event: 722.799 Thread 0x000002a7fff2d000 redefined class name=test.Dog, count=5
Event: 753.540 Thread 0x000002a7fff2d000 redefined class name=test.Main, count=6
Event: 753.540 Thread 0x000002a7fff2d000 redefined class name=test.Dog, count=6

Internal exceptions (2 events):
Event: 0.122 Thread 0x000002a7ef03a000 Exception <a 'java/lang/NoSuchMethodError': Method sun.misc.Unsafe.defineClass(Ljava/lang/String;[BII)Ljava/lang/Class; name or signature does not match> (0x00000000d6307cc0) thrown at [C:\jenkins\workspace\8-2-build-windows-amd64-cygwin\jdk8u271\605\hots
Event: 0.122 Thread 0x000002a7ef03a000 Exception <a 'java/lang/NoSuchMethodError': Method sun.misc.Unsafe.prefetchRead(Ljava/lang/Object;J)V name or signature does not match> (0x00000000d6307fa8) thrown at [C:\jenkins\workspace\8-2-build-windows-amd64-cygwin\jdk8u271\605\hotspot\src\share\vm\p

Events (10 events):
Event: 723.041 Executing VM operation: GetCurrentContendedMonitor done
Event: 753.538 Executing VM operation: RedefineClasses
Event: 753.540 Executing VM operation: RedefineClasses done
Event: 753.553 Executing VM operation: ChangeBreakpoints
Event: 753.553 Executing VM operation: ChangeBreakpoints done
Event: 753.714 Executing VM operation: GetOwnedMonitorInfo
Event: 753.714 Executing VM operation: GetOwnedMonitorInfo done
Event: 753.714 Executing VM operation: GetCurrentContendedMonitor
Event: 753.715 Executing VM operation: GetCurrentContendedMonitor done
Event: 778.278 Executing VM operation: GetOrSetLocal


Dynamic libraries:
0x00007ff7a9a90000 - 0x00007ff7a9ad7000 	C:\Program Files\Java\jre1.8.0_271\bin\javaw.exe
0x00007ffa2bb40000 - 0x00007ffa2bd30000 	C:\WINDOWS\SYSTEM32\ntdll.dll
0x00007ffa2b440000 - 0x00007ffa2b4f2000 	C:\WINDOWS\System32\KERNEL32.DLL
0x00007ffa296d0000 - 0x00007ffa29975000 	C:\WINDOWS\System32\KERNELBASE.dll
0x00007ffa2a880000 - 0x00007ffa2a923000 	C:\WINDOWS\System32\ADVAPI32.dll
0x00007ffa2a300000 - 0x00007ffa2a39e000 	C:\WINDOWS\System32\msvcrt.dll
0x00007ffa29dc0000 - 0x00007ffa29e57000 	C:\WINDOWS\System32\sechost.dll
0x00007ffa2a760000 - 0x00007ffa2a880000 	C:\WINDOWS\System32\RPCRT4.dll
0x00007ffa2a3e0000 - 0x00007ffa2a574000 	C:\WINDOWS\System32\USER32.dll
0x00007ffa296a0000 - 0x00007ffa296c1000 	C:\WINDOWS\System32\win32u.dll
0x00007ffa2a3b0000 - 0x00007ffa2a3d6000 	C:\WINDOWS\System32\GDI32.dll
0x00007ffa29a50000 - 0x00007ffa29be6000 	C:\WINDOWS\System32\gdi32full.dll
0x00007ffa28bd0000 - 0x00007ffa28c6e000 	C:\WINDOWS\System32\msvcp_win.dll
0x00007ffa28ad0000 - 0x00007ffa28bca000 	C:\WINDOWS\System32\ucrtbase.dll
0x00007ffa13440000 - 0x00007ffa136c4000 	C:\WINDOWS\WinSxS\amd64_microsoft.windows.common-controls_6595b64144ccf1df_6.0.18362.1139_none_9e7bf2d3e4605ac6\COMCTL32.dll
0x00007ffa2b6d0000 - 0x00007ffa2ba05000 	C:\WINDOWS\System32\combase.dll
0x00007ffa28dc0000 - 0x00007ffa28e40000 	C:\WINDOWS\System32\bcryptPrimitives.dll
0x00007ffa29e60000 - 0x00007ffa29e8e000 	C:\WINDOWS\System32\IMM32.DLL
0x00007ffa21690000 - 0x00007ffa216a5000 	C:\Program Files\Java\jre1.8.0_271\bin\vcruntime140.dll
0x00007ffa1c850000 - 0x00007ffa1c8eb000 	C:\Program Files\Java\jre1.8.0_271\bin\msvcp140.dll
0x0000000063210000 - 0x0000000063a7f000 	C:\Program Files\Java\jre1.8.0_271\bin\server\jvm.dll
0x00007ffa2b640000 - 0x00007ffa2b648000 	C:\WINDOWS\System32\PSAPI.DLL
0x00007ffa17380000 - 0x00007ffa17389000 	C:\WINDOWS\SYSTEM32\WSOCK32.dll
0x00007ffa24f30000 - 0x00007ffa24f54000 	C:\WINDOWS\SYSTEM32\WINMM.dll
0x00007ffa1ebc0000 - 0x00007ffa1ebca000 	C:\WINDOWS\SYSTEM32\VERSION.dll
0x00007ffa2ba90000 - 0x00007ffa2baff000 	C:\WINDOWS\System32\WS2_32.dll
0x00007ffa24f00000 - 0x00007ffa24f2d000 	C:\WINDOWS\SYSTEM32\winmmbase.dll
0x00007ffa28ed0000 - 0x00007ffa28f1a000 	C:\WINDOWS\System32\cfgmgr32.dll
0x00007ffa28a40000 - 0x00007ffa28a51000 	C:\WINDOWS\System32\kernel.appcore.dll
0x00007ffa1fc80000 - 0x00007ffa1fc90000 	C:\Program Files\Java\jre1.8.0_271\bin\verify.dll
0x00007ffa13d70000 - 0x00007ffa13d9b000 	C:\Program Files\Java\jre1.8.0_271\bin\java.dll
0x00007ffa20c70000 - 0x00007ffa20ca6000 	C:\Program Files\Java\jre1.8.0_271\bin\jdwp.dll
0x00007ffa24df0000 - 0x00007ffa24df9000 	C:\Program Files\Java\jre1.8.0_271\bin\npt.dll
0x00007ffa20900000 - 0x00007ffa20930000 	C:\Program Files\Java\jre1.8.0_271\bin\instrument.dll
0x00007ffa11330000 - 0x00007ffa11348000 	C:\Program Files\Java\jre1.8.0_271\bin\zip.dll
0x00007ffa2a930000 - 0x00007ffa2b017000 	C:\WINDOWS\System32\SHELL32.dll
0x00007ffa2b020000 - 0x00007ffa2b0c9000 	C:\WINDOWS\System32\shcore.dll
0x00007ffa28f20000 - 0x00007ffa296a0000 	C:\WINDOWS\System32\windows.storage.dll
0x00007ffa28a10000 - 0x00007ffa28a33000 	C:\WINDOWS\System32\profapi.dll
0x00007ffa28a60000 - 0x00007ffa28aaa000 	C:\WINDOWS\System32\powrprof.dll
0x00007ffa28a00000 - 0x00007ffa28a10000 	C:\WINDOWS\System32\UMPDC.dll
0x00007ffa2ba30000 - 0x00007ffa2ba82000 	C:\WINDOWS\System32\shlwapi.dll
0x00007ffa29a30000 - 0x00007ffa29a47000 	C:\WINDOWS\System32\cryptsp.dll
0x00007ffa21680000 - 0x00007ffa2168a000 	C:\Program Files\Java\jre1.8.0_271\bin\dt_socket.dll
0x00007ffa231b0000 - 0x00007ffa231c6000 	C:\WINDOWS\system32\napinsp.dll
0x00007ffa22d80000 - 0x00007ffa22d9a000 	C:\WINDOWS\system32\pnrpnsp.dll
0x00007ffa28250000 - 0x00007ffa282b7000 	C:\WINDOWS\System32\mswsock.dll
0x00007ffa27f40000 - 0x00007ffa2800b000 	C:\WINDOWS\SYSTEM32\DNSAPI.dll
0x00007ffa2b0d0000 - 0x00007ffa2b0d8000 	C:\WINDOWS\System32\NSI.dll
0x00007ffa27f00000 - 0x00007ffa27f3a000 	C:\WINDOWS\SYSTEM32\IPHLPAPI.DLL
0x00007ffa23360000 - 0x00007ffa2336e000 	C:\WINDOWS\System32\winrnr.dll
0x00007ffa24ab0000 - 0x00007ffa24acc000 	C:\WINDOWS\system32\NLAapi.dll
0x00007ffa239e0000 - 0x00007ffa239f5000 	C:\WINDOWS\system32\wshbth.dll
0x00007ffa1eb20000 - 0x00007ffa1eb97000 	C:\WINDOWS\System32\fwpuclnt.dll
0x00007ffa28ea0000 - 0x00007ffa28ec6000 	C:\WINDOWS\System32\bcrypt.dll
0x00007ffa229e0000 - 0x00007ffa229ea000 	C:\Windows\System32\rasadhlp.dll
0x00007ffa272c0000 - 0x00007ffa274b4000 	C:\WINDOWS\SYSTEM32\dbghelp.dll

VM Arguments:
jvm_args: -agentlib:jdwp=transport=dt_socket,suspend=y,address=localhost:53501 -javaagent:C:\Users\ABlue\Desktop\웹 프로그래밍\eclipse-jee-2020-06-R-win32-x86_64\eclipse\configuration\org.eclipse.osgi\413\0\.cp\lib\javaagent-shaded.jar -Dfile.encoding=UTF-8 
java_command: test.Main
java_class_path (initial): C:\Users\ABlue\eclipse-workspace\JavaTest\bin;C:\Users\ABlue\Desktop\웹 프로그래밍\eclipse-jee-2020-06-R-win32-x86_64\eclipse\configuration\org.eclipse.osgi\413\0\.cp\lib\javaagent-shaded.jar
Launcher Type: SUN_STANDARD

Environment Variables:
JAVA_HOME=C:\Program Files\Java\jdk-15.0.1
CLASSPATH=C:\Program Files\Java\jdk-15.0.1lib
PATH=C:/Program Files/Java/jre1.8.0_271/bin/server;C:/Program Files/Java/jre1.8.0_271/bin;C:/Program Files/Java/jre1.8.0_271/lib/amd64;C:\Program Files (x86)\Common Files\Oracle\Java\javapath;C:\Windows\SysWOW64\wbem;C:\Windows\SysWOW64;"C:\Program Files\Java\jdk-15.0.1\bin;C:\Users\ABlue\AppData\Local\Programs\Microsoft VS Code\bin";C:\Program Files (x86)\Intel\iCLS Client;C:\Windows\System32;C:\Windows;C:\Windows\System32\wbem;C:\Windows\System32\WindowsPowerShell\v1.0;C:\Program Files\Intel\WiFi\bin;C:\Program Files (x86)\Intel\Intel(R) Management Engine Components\DAL;C:\WINDOWS;C:\WINDOWS\System32\Wbem;C:\WINDOWS\system32\WindowPowerShell\v1.0\;C:\Program Files\Intel\Intel(R) Management Engine Components\DAL;C:\Program Files\Common Files\Intel\WirelessCommon;C:\WINDOWS\System32\OpenSSH\;C:\Program Files\Intel\Intel(R) Management Engine Components\IPT;C:\Program Files (x86)\Intel\Intel(R) Management Engine Components\IPT;C:\Program Files\Intel\iCLS Client;C:\opencv3.2\x86\vc10\bin;C:\opencv4.2.9\build\x64\vc15\bin;C:\Users\ABlue\AppData\Local\Programs\Microsoft VS Code\bin;C:\Program Files\Java\jdk-15.0.1bin;C:\Program Files\nodejs\;C:\Program Files\Git\cmd;C:\Program Files\Java\jdk-13.0.2\bin;C:\Users\ABlue\AppData\Roaming\npm;C:\Users\ABlue\AppData\Local\Programs\Microsoft VS Code\bin;C:\Users\ABlue\Desktop\웹 프로그래밍\eclipse-jee-2020-06-R-win32-x86_64\eclipse;
USERNAME=ABlue
OS=Windows_NT
PROCESSOR_IDENTIFIER=Intel64 Family 6 Model 142 Stepping 10, GenuineIntel



---------------  S Y S T E M  ---------------

OS: Windows 10.0 , 64 bit Build 18362 (10.0.18362.1110)

CPU:total 8 (initial active 8) (4 cores per cpu, 2 threads per core) family 6 model 142 stepping 10, cmov, cx8, fxsr, mmx, sse, sse2, sse3, ssse3, sse4.1, sse4.2, popcnt, avx, avx2, aes, clmul, erms, 3dnowpref, lzcnt, ht, tsc, tscinvbit, bmi1, bmi2, adx

Memory: 4k page, physical 8217872k(3275804k free), swap 10560324k(2137076k free)

vm_info: Java HotSpot(TM) 64-Bit Server VM (25.271-b09) for windows-amd64 JRE (1.8.0_271-b09), built on Sep 16 2020 19:14:59 by "" with MS VC++ 15.9 (VS2017)

time: Thu Oct 29 19:15:37 2020
timezone: ´eCN¹I±¹ C￥AØ½A
elapsed time: 778.322926 seconds (0d 0h 12m 58s)

